<?xml version="1.0" encoding="utf-8"?><testsuites name="pytest tests"><testsuite name="pytest" errors="0" failures="0" skipped="0" tests="7" time="1.689" timestamp="2026-04-03T07:28:45.589285+00:00" hostname="agent-env-f930b128-60dd-48ea-8722-bfa6ccf8a3a2"><testcase classname="backend.tests.test_email_features" name="test_email_meal_plan_digest_returns_preview" time="0.716" /><testcase classname="backend.tests.test_email_features" name="test_email_meal_plan_digest_html_content" time="0.215" /><testcase classname="backend.tests.test_email_features" name="test_email_weekly_report_returns_preview" time="0.229" /><testcase classname="backend.tests.test_email_features" name="test_email_weekly_report_html_content" time="0.230" /><testcase classname="backend.tests.test_email_features" name="test_email_meal_plan_digest_requires_auth" time="0.090" /><testcase classname="backend.tests.test_email_features" name="test_email_weekly_report_requires_auth" time="0.092" /><testcase classname="backend.tests.test_email_features" name="test_meal_plan_get_last_week" time="0.044" /></testsuite></testsuites>