<?xml version="1.0" encoding="utf-8"?><testsuites name="pytest tests"><testsuite name="pytest" errors="0" failures="0" skipped="0" tests="7" time="1.209" timestamp="2026-04-03T07:06:52.361579+00:00" hostname="agent-env-f930b128-60dd-48ea-8722-bfa6ccf8a3a2"><testcase classname="backend.tests.test_meal_planner.TestMealPlanAPI" name="test_get_meal_plan_no_week" time="0.536" /><testcase classname="backend.tests.test_meal_planner.TestMealPlanAPI" name="test_get_meal_plan_with_week" time="0.044" /><testcase classname="backend.tests.test_meal_planner.TestMealPlanAPI" name="test_put_meal_plan_saves" time="0.125" /><testcase classname="backend.tests.test_meal_planner.TestMealPlanAPI" name="test_put_meal_plan_update" time="0.088" /><testcase classname="backend.tests.test_meal_planner.TestMealPlanAPI" name="test_put_removes_items" time="0.125" /><testcase classname="backend.tests.test_meal_planner.TestMealPlanAPI" name="test_unauthenticated_get_fails" time="0.106" /><testcase classname="backend.tests.test_meal_planner.TestMealPlanAPI" name="test_unauthenticated_put_fails" time="0.110" /></testsuite></testsuites>