<?xml version="1.0" encoding="utf-8"?><testsuites name="pytest tests"><testsuite name="pytest" errors="0" failures="1" skipped="0" tests="19" time="4.268" timestamp="2026-04-03T06:43:05.182097+00:00" hostname="agent-env-f930b128-60dd-48ea-8722-bfa6ccf8a3a2"><testcase classname="backend.tests.test_nutrismart.TestAuth" name="test_demo_login" time="0.493" /><testcase classname="backend.tests.test_nutrismart.TestAuth" name="test_admin_login" time="0.367" /><testcase classname="backend.tests.test_nutrismart.TestAuth" name="test_invalid_login" time="0.137" /><testcase classname="backend.tests.test_nutrismart.TestAuth" name="test_register_new_user" time="0.097"><failure message="assert 422 == 200&#10; +  where 422 = &lt;Response [422]&gt;.status_code">backend/tests/test_nutrismart.py:48: in test_register_new_user
    assert r.status_code == 200
E   assert 422 == 200
E    +  where 422 = &lt;Response [422]&gt;.status_code</failure></testcase><testcase classname="backend.tests.test_nutrismart.TestAuth" name="test_get_me" time="0.459" /><testcase classname="backend.tests.test_nutrismart.TestMenu" name="test_get_menu_returns_20_items" time="0.095" /><testcase classname="backend.tests.test_nutrismart.TestMenu" name="test_menu_items_have_required_fields" time="0.135" /><testcase classname="backend.tests.test_nutrismart.TestMenu" name="test_menu_filter_by_category" time="0.292" /><testcase classname="backend.tests.test_nutrismart.TestRecommendations" name="test_recommendations_returns_data" time="0.987" /><testcase classname="backend.tests.test_nutrismart.TestRecommendations" name="test_recommendations_unauthenticated" time="0.093" /><testcase classname="backend.tests.test_nutrismart.TestOrders" name="test_place_order" time="0.046" /><testcase classname="backend.tests.test_nutrismart.TestOrders" name="test_get_orders" time="0.042" /><testcase classname="backend.tests.test_nutrismart.TestOrders" name="test_mock_payment" time="0.169" /><testcase classname="backend.tests.test_nutrismart.TestAdmin" name="test_admin_get_menu" time="0.369" /><testcase classname="backend.tests.test_nutrismart.TestAdmin" name="test_admin_get_orders" time="0.044" /><testcase classname="backend.tests.test_nutrismart.TestAdmin" name="test_admin_get_stats" time="0.046" /><testcase classname="backend.tests.test_nutrismart.TestAdmin" name="test_admin_create_and_delete_menu_item" time="0.092" /><testcase classname="backend.tests.test_nutrismart.TestAdmin" name="test_non_admin_cannot_access_admin_routes" time="0.043" /><testcase classname="backend.tests.test_nutrismart" name="test_health" time="0.094" /></testsuite></testsuites>